\BOOKMARK [1][-]{section.1}{Problem Description}{}% 1
\BOOKMARK [1][-]{section.2}{Result Summary}{}% 2
\BOOKMARK [1][-]{section.3}{Metadata}{}% 3
\BOOKMARK [2][-]{subsection.3.1}{Software}{section.3}% 4
\BOOKMARK [2][-]{subsection.3.2}{Hardware}{section.3}% 5
\BOOKMARK [1][-]{section.4}{Approach}{}% 6
\BOOKMARK [2][-]{subsection.4.1}{PThreads}{section.4}% 7
\BOOKMARK [2][-]{subsection.4.2}{Naive Memory Allocation}{section.4}% 8
\BOOKMARK [1][-]{section.5}{Performance}{}% 9
\BOOKMARK [2][-]{subsection.5.1}{Runtime data collection}{section.5}% 10
\BOOKMARK [2][-]{subsection.5.2}{Analysis}{section.5}% 11
\BOOKMARK [1][-]{section.6}{Optimization}{}% 12
\BOOKMARK [2][-]{subsection.6.1}{Numa Memory Allocation}{section.6}% 13
\BOOKMARK [2][-]{subsection.6.2}{Runtime data collection}{section.6}% 14
\BOOKMARK [2][-]{subsection.6.3}{Analysis}{section.6}% 15
\BOOKMARK [1][-]{section.7}{conclusion}{}% 16
\BOOKMARK [1][-]{section.8}{Pledge}{}% 17
\BOOKMARK [1][-]{section.9}{Appendix}{}% 18
\BOOKMARK [2][-]{subsection.9.1}{halo.c}{section.9}% 19
\BOOKMARK [2][-]{subsection.9.2}{halo.sh}{section.9}% 20
